<?xml version="1.0" encoding="UTF-8"?>
<!-- Generated by org.testng.reporters.JUnitReportReporter -->
<testsuite hostname="MSI" failures="0" tests="5" name="testCases.TC003_loginDDT" time="36.384" errors="0" timestamp="2025-12-23T16:31:47 IST" skipped="0">
  <testcase classname="testCases.TC003_loginDDT" name="verifyLoginDDT" time="1.892"/>
  <testcase classname="testCases.TC003_loginDDT" name="verifyLoginDDT" time="11.120"/>
  <testcase classname="testCases.TC003_loginDDT" name="verifyLoginDDT" time="2.042"/>
  <testcase classname="testCases.TC003_loginDDT" name="verifyLoginDDT" time="10.524"/>
  <testcase classname="testCases.TC003_loginDDT" name="verifyLoginDDT" time="10.806"/>
</testsuite> <!-- testCases.TC003_loginDDT -->
